<?xml version="1.0" encoding="UTF-8"?>
<testng-results ignored="0" total="1" passed="1" failed="0" skipped="0">
  <reporter-output>
  </reporter-output>
  <suite started-at="2024-08-03T22:49:01 IST" name="Suite" finished-at="2024-08-03T22:49:12 IST" duration-ms="11610">
    <groups>
    </groups>
    <test started-at="2024-08-03T22:49:01 IST" name="Test" finished-at="2024-08-03T22:49:12 IST" duration-ms="11610">
      <class name="swag.Test.ApplicationTest">
        <test-method is-config="true" signature="LaunchApplication()[pri:0, instance:swag.Test.ApplicationTest@2034b64c]" started-at="2024-08-03T22:49:01 IST" name="LaunchApplication" finished-at="2024-08-03T22:49:07 IST" duration-ms="5597" status="PASS">
          <reporter-output>
          </reporter-output>
        </test-method> <!-- LaunchApplication -->
        <test-method signature="SwagTest(java.util.HashMap)[pri:0, instance:swag.Test.ApplicationTest@2034b64c]" started-at="2024-08-03T22:49:07 IST" name="SwagTest" data-provider="getData" finished-at="2024-08-03T22:49:12 IST" duration-ms="5512" status="PASS">
          <params>
            <param index="0">
              <value>
                <![CDATA[{firstName=sana, lastName=sheik, userPassword=secret_sauce, itemName=Sauce Labs Bike Light, postalCode=231432, userName=standard_user, productName=Sauce Labs Backpack}]]>
              </value>
            </param>
          </params>
          <reporter-output>
          </reporter-output>
        </test-method> <!-- SwagTest -->
        <test-method is-config="true" signature="Close()[pri:0, instance:swag.Test.ApplicationTest@2034b64c]" started-at="2024-08-03T22:49:12 IST" name="Close" finished-at="2024-08-03T22:49:12 IST" duration-ms="300" status="PASS">
          <reporter-output>
          </reporter-output>
        </test-method> <!-- Close -->
      </class> <!-- swag.Test.ApplicationTest -->
    </test> <!-- Test -->
  </suite> <!-- Suite -->
</testng-results>
